d:\codes\testbranch\superresolution\debug\vc140.pdb
d:\codes\testbranch\superresolution\debug\vc140.idb
d:\codes\testbranch\superresolution\debug\sr_cpu.obj
d:\codes\testbranch\superresolution\debug\sr_factory.obj
d:\codes\testbranch\superresolution\debug\superresolution.pdb
d:\codes\testbranch\superresolution\debug\superresolution.idb
d:\codes\testbranch\lib\win32\debug\superresolution.lib
d:\codes\testbranch\superresolution\debug\sr.cu.cache
d:\codes\testbranch\superresolution\debug\sr_gpu2.cu.cache
d:\codes\testbranch\superresolution\debug\sr_gpu_functions.cu.cache
d:\codes\testbranch\superresolution\debug\superresolution_gpu.cu.cache
d:\codes\testbranch\superresolution\debug\sr.cu.obj
d:\codes\testbranch\superresolution\debug\sr_gpu2.cu.obj
d:\codes\testbranch\superresolution\debug\sr_gpu_functions.cu.obj
d:\codes\testbranch\superresolution\debug\superresolution_gpu.cu.obj
d:\codes\testbranch\lib\win32\debug\superresolution.pdb
d:\codes\testbranch\superresolution\debug\superresolution.tlog\cl.command.1.tlog
d:\codes\testbranch\superresolution\debug\superresolution.tlog\cl.read.1.tlog
d:\codes\testbranch\superresolution\debug\superresolution.tlog\cl.write.1.tlog
d:\codes\testbranch\superresolution\debug\superresolution.tlog\lib-link.read.1.tlog
d:\codes\testbranch\superresolution\debug\superresolution.tlog\lib-link.write.1.tlog
d:\codes\testbranch\superresolution\debug\superresolution.tlog\lib.command.1.tlog
d:\codes\testbranch\superresolution\debug\superresolution.tlog\link-cvtres.read.1.tlog
d:\codes\testbranch\superresolution\debug\superresolution.tlog\link-cvtres.write.1.tlog
d:\codes\testbranch\superresolution\debug\superresolution.tlog\link-rc.read.1.tlog
d:\codes\testbranch\superresolution\debug\superresolution.tlog\link-rc.write.1.tlog
d:\codes\testbranch\superresolution\debug\superresolution.tlog\link.command.1.tlog
d:\codes\testbranch\superresolution\debug\superresolution.tlog\link.read.1.tlog
d:\codes\testbranch\superresolution\debug\superresolution.tlog\link.write.1.tlog
