  DebugPrintOut.cpp
  FormatReader.cpp
  ImageGrabber.cpp
ImageGrabber.cpp(412): warning C4838: conversion from 'DWORD' to 'int' requires a narrowing conversion
  ImageGrabberThread.cpp
  Media_Foundation.cpp
  RawImage.cpp
  videoDevice.cpp
videoDevice.cpp(437): warning C4244: '=': conversion from 'const UINT64' to 'unsigned int', possible loss of data
videoDevice.cpp(454): warning C4244: '=': conversion from 'const UINT64' to 'unsigned int', possible loss of data
videoDevice.cpp(745): warning C4503: 'std::_Tree<std::_Tmap_traits<_Kty,_Ty,_Pr,_Alloc,false>>::_Insert_hint': decorated name length exceeded, name was truncated
          with
          [
              _Kty=UINT64,
              _Ty=FrameRateMap,
              _Pr=std::less<UINT64>,
              _Alloc=std::allocator<std::pair<const UINT64,FrameRateMap>>
          ]
videoDevice.cpp(745): warning C4503: 'std::_Tree<std::_Tmap_traits<_Kty,_Ty,_Pr,_Alloc,false>>::_Insert_at': decorated name length exceeded, name was truncated
          with
          [
              _Kty=UINT64,
              _Ty=FrameRateMap,
              _Pr=std::less<UINT64>,
              _Alloc=std::allocator<std::pair<const UINT64,FrameRateMap>>
          ]
videoDevice.cpp(745): warning C4503: 'std::_Tree<std::_Tmap_traits<_Kty,_Ty,_Pr,_Alloc,false>>::_Insert_nohint': decorated name length exceeded, name was truncated
          with
          [
              _Kty=UINT64,
              _Ty=FrameRateMap,
              _Pr=std::less<UINT64>,
              _Alloc=std::allocator<std::pair<const UINT64,FrameRateMap>>
          ]
  videoInput.cpp
  videoDevice.vcxproj -> D:\Codes\VirtualDesktop\lib\Win32\Release\videoDevice.lib
